TN:
SF:src\app.ts
FN:30,oo_cm
FN:30,oo_oo
FN:30,oo_tr
FN:30,oo_ts
FN:30,oo_te
FNF:5
FNH:2
FNDA:1,oo_cm
FNDA:1,oo_oo
FNDA:0,oo_tr
FNDA:0,oo_ts
FNDA:0,oo_te
DA:1,1
DA:2,1
DA:3,1
DA:4,1
DA:5,1
DA:6,1
DA:7,1
DA:8,1
DA:9,1
DA:10,1
DA:11,1
DA:12,1
DA:13,1
DA:14,1
DA:15,1
DA:16,1
DA:17,1
DA:18,1
DA:19,1
DA:20,1
DA:21,1
DA:22,1
DA:23,1
DA:24,1
DA:25,1
DA:26,1
DA:27,1
DA:28,1
DA:29,1
DA:30,1
LF:30
LH:30
BRDA:21,0,0,1
BRDA:30,1,0,1
BRDA:30,2,0,0
BRDA:30,3,0,1
BRDA:30,4,0,0
BRF:5
BRH:3
end_of_record
TN:
SF:src\routes.ts
FN:4,routes
FNF:1
FNH:1
FNDA:1,routes
DA:1,1
DA:2,1
DA:3,1
DA:4,1
DA:5,1
DA:6,1
DA:7,1
DA:8,1
LF:8
LH:8
BRDA:4,0,0,1
BRF:1
BRH:1
end_of_record
TN:
SF:src\database\prisma.ts
FNF:0
FNH:0
DA:1,1
DA:2,1
DA:3,1
DA:4,1
DA:5,1
LF:5
LH:5
BRF:0
BRH:0
end_of_record
TN:
SF:src\modules\user\controller.ts
FN:4,userHandler
FN:14,createUserHandle
FNF:2
FNH:2
FNDA:1,userHandler
FNDA:3,createUserHandle
DA:1,1
DA:2,1
DA:3,1
DA:4,1
DA:5,1
DA:6,1
DA:7,1
DA:8,1
DA:9,0
DA:10,0
DA:11,0
DA:12,1
DA:13,1
DA:14,1
DA:15,3
DA:16,3
DA:17,3
DA:18,3
DA:19,1
DA:20,1
DA:21,3
DA:22,2
DA:23,2
DA:24,2
DA:25,3
LF:25
LH:22
BRDA:4,0,0,1
BRDA:8,1,0,0
BRDA:14,2,0,3
BRDA:19,3,0,1
BRDA:21,4,0,2
BRF:5
BRH:4
end_of_record
TN:
SF:src\modules\user\route.ts
FNF:0
FNH:0
DA:1,1
DA:2,1
DA:3,1
DA:4,1
DA:5,1
DA:6,1
DA:7,1
DA:8,1
DA:9,1
LF:9
LH:9
BRF:0
BRH:0
end_of_record
TN:
SF:src\modules\user\service.ts
FN:4,getUsers
FN:10,createUser
FNF:2
FNH:2
FNDA:1,getUsers
FNDA:5,createUser
DA:1,1
DA:2,1
DA:3,1
DA:4,1
DA:5,1
DA:6,1
DA:7,1
DA:8,1
DA:9,1
DA:10,1
DA:11,5
DA:12,5
DA:13,5
DA:14,5
DA:15,5
DA:16,5
DA:17,5
DA:18,5
DA:19,5
DA:20,5
DA:21,5
DA:22,3
DA:23,3
DA:24,3
LF:24
LH:24
BRDA:4,0,0,1
BRDA:10,1,0,5
BRDA:22,2,0,3
BRF:3
BRH:3
end_of_record
